This is pdfTeX, Version 3.14159265-2.6-1.40.19 (MiKTeX 2.9.6630 64-bit) (preloaded format=pdflatex 2018.5.7)  28 APR 2020 02:25
entering extended mode
**./LexisNexisData-2020-04-20-Review-01.tex
(LexisNexisData-2020-04-20-Review-01.tex
LaTeX2e <2017-04-15>
Babel <3.18> and hyphenation patterns for 75 language(s) loaded.
("C:\Program Files\MiKTeX 2.9\tex\latex\base\article.cls"
Document Class: article 2014/09/29 v1.4h Standard LaTeX document class
("C:\Program Files\MiKTeX 2.9\tex\latex\base\size10.clo"
File: size10.clo 2014/09/29 v1.4h Standard LaTeX file (size option)
)
\c@part=\count79
\c@section=\count80
\c@subsection=\count81
\c@subsubsection=\count82
\c@paragraph=\count83
\c@subparagraph=\count84
\c@figure=\count85
\c@table=\count86
\abovecaptionskip=\skip41
\belowcaptionskip=\skip42
\bibindent=\dimen102
)
("C:\Program Files\MiKTeX 2.9\tex\latex\setspace\setspace.sty"
Package: setspace 2011/12/19 v6.7a set line spacing
)
("C:\Program Files\MiKTeX 2.9\tex\latex\geometry\geometry.sty"
Package: geometry 2010/09/12 v5.6 Page Geometry

("C:\Program Files\MiKTeX 2.9\tex\latex\graphics\keyval.sty"
Package: keyval 2014/10/28 v1.15 key=value parser (DPC)
\KV@toks@=\toks14
)
("C:\Program Files\MiKTeX 2.9\tex\generic\oberdiek\ifpdf.sty"
Package: ifpdf 2017/03/15 v3.2 Provides the ifpdf switch
)
("C:\Program Files\MiKTeX 2.9\tex\generic\oberdiek\ifvtex.sty"
Package: ifvtex 2016/05/16 v1.6 Detect VTeX and its facilities (HO)
Package ifvtex Info: VTeX not detected.
)
("C:\Program Files\MiKTeX 2.9\tex\generic\ifxetex\ifxetex.sty"
Package: ifxetex 2010/09/12 v0.6 Provides ifxetex conditional
)
\Gm@cnth=\count87
\Gm@cntv=\count88
\c@Gm@tempcnt=\count89
\Gm@bindingoffset=\dimen103
\Gm@wd@mp=\dimen104
\Gm@odd@mp=\dimen105
\Gm@even@mp=\dimen106
\Gm@layoutwidth=\dimen107
\Gm@layoutheight=\dimen108
\Gm@layouthoffset=\dimen109
\Gm@layoutvoffset=\dimen110
\Gm@dimlist=\toks15

("C:\Program Files\MiKTeX 2.9\tex\latex\geometry\geometry.cfg"))
("C:\Program Files\MiKTeX 2.9\tex\latex\tocloft\tocloft.sty"
Package: tocloft 2017/08/31 v2.3i parameterised ToC, etc., typesetting
Package tocloft Info: The document has section divisions on input line 51.
\cftparskip=\skip43
\cftbeforetoctitleskip=\skip44
\cftaftertoctitleskip=\skip45
\cftbeforepartskip=\skip46
\cftpartnumwidth=\skip47
\cftpartindent=\skip48
\cftbeforesecskip=\skip49
\cftsecindent=\skip50
\cftsecnumwidth=\skip51
\cftbeforesubsecskip=\skip52
\cftsubsecindent=\skip53
\cftsubsecnumwidth=\skip54
\cftbeforesubsubsecskip=\skip55
\cftsubsubsecindent=\skip56
\cftsubsubsecnumwidth=\skip57
\cftbeforeparaskip=\skip58
\cftparaindent=\skip59
\cftparanumwidth=\skip60
\cftbeforesubparaskip=\skip61
\cftsubparaindent=\skip62
\cftsubparanumwidth=\skip63
\cftbeforeloftitleskip=\skip64
\cftafterloftitleskip=\skip65
\cftbeforefigskip=\skip66
\cftfigindent=\skip67
\cftfignumwidth=\skip68
\c@lofdepth=\count90
\c@lotdepth=\count91
\cftbeforelottitleskip=\skip69
\cftafterlottitleskip=\skip70
\cftbeforetabskip=\skip71
\cfttabindent=\skip72
\cfttabnumwidth=\skip73
)
("C:\Program Files\MiKTeX 2.9\tex\latex\titlesec\titlesec.sty"
Package: titlesec 2016/03/21 v2.10.2 Sectioning titles
\ttl@box=\box26
\beforetitleunit=\skip74
\aftertitleunit=\skip75
\ttl@plus=\dimen111
\ttl@minus=\dimen112
\ttl@toksa=\toks16
\titlewidth=\dimen113
\titlewidthlast=\dimen114
\titlewidthfirst=\dimen115
)
("C:\Program Files\MiKTeX 2.9\tex\latex\hyperref\hyperref.sty"
Package: hyperref 2018/02/06 v6.86b Hypertext links for LaTeX

("C:\Program Files\MiKTeX 2.9\tex\generic\oberdiek\hobsub-hyperref.sty"
Package: hobsub-hyperref 2016/05/16 v1.14 Bundle oberdiek, subset hyperref (HO)


("C:\Program Files\MiKTeX 2.9\tex\generic\oberdiek\hobsub-generic.sty"
Package: hobsub-generic 2016/05/16 v1.14 Bundle oberdiek, subset generic (HO)
Package: hobsub 2016/05/16 v1.14 Construct package bundles (HO)
Package: infwarerr 2016/05/16 v1.4 Providing info/warning/error messages (HO)
Package: ltxcmds 2016/05/16 v1.23 LaTeX kernel commands for general use (HO)
Package: ifluatex 2016/05/16 v1.4 Provides the ifluatex switch (HO)
Package ifluatex Info: LuaTeX not detected.
Package hobsub Info: Skipping package `ifvtex' (already loaded).
Package: intcalc 2016/05/16 v1.2 Expandable calculations with integers (HO)
Package hobsub Info: Skipping package `ifpdf' (already loaded).
Package: etexcmds 2016/05/16 v1.6 Avoid name clashes with e-TeX commands (HO)
Package etexcmds Info: Could not find \expanded.
(etexcmds)             That can mean that you are not using pdfTeX 1.50 or
(etexcmds)             that some package has redefined \expanded.
(etexcmds)             In the latter case, load this package earlier.
Package: kvsetkeys 2016/05/16 v1.17 Key value parser (HO)
Package: kvdefinekeys 2016/05/16 v1.4 Define keys (HO)
Package: pdftexcmds 2018/01/21 v0.26 Utility functions of pdfTeX for LuaTeX (HO
)
Package pdftexcmds Info: LuaTeX not detected.
Package pdftexcmds Info: \pdf@primitive is available.
Package pdftexcmds Info: \pdf@ifprimitive is available.
Package pdftexcmds Info: \pdfdraftmode found.
Package: pdfescape 2016/05/16 v1.14 Implements pdfTeX's escape features (HO)
Package: bigintcalc 2016/05/16 v1.4 Expandable calculations on big integers (HO
)
Package: bitset 2016/05/16 v1.2 Handle bit-vector datatype (HO)
Package: uniquecounter 2016/05/16 v1.3 Provide unlimited unique counter (HO)
)
Package hobsub Info: Skipping package `hobsub' (already loaded).
Package: letltxmacro 2016/05/16 v1.5 Let assignment for LaTeX macros (HO)
Package: hopatch 2016/05/16 v1.3 Wrapper for package hooks (HO)
Package: xcolor-patch 2016/05/16 xcolor patch
Package: atveryend 2016/05/16 v1.9 Hooks at the very end of document (HO)
Package atveryend Info: \enddocument detected (standard20110627).
Package: atbegshi 2016/06/09 v1.18 At begin shipout hook (HO)
Package: refcount 2016/05/16 v3.5 Data extraction from label references (HO)
Package: hycolor 2016/05/16 v1.8 Color options for hyperref/bookmark (HO)
)
("C:\Program Files\MiKTeX 2.9\tex\latex\oberdiek\auxhook.sty"
Package: auxhook 2016/05/16 v1.4 Hooks for auxiliary files (HO)
)
("C:\Program Files\MiKTeX 2.9\tex\latex\oberdiek\kvoptions.sty"
Package: kvoptions 2016/05/16 v3.12 Key value format for package options (HO)
)
\@linkdim=\dimen116
\Hy@linkcounter=\count92
\Hy@pagecounter=\count93

("C:\Program Files\MiKTeX 2.9\tex\latex\hyperref\pd1enc.def"
File: pd1enc.def 2018/02/06 v6.86b Hyperref: PDFDocEncoding definition (HO)
)
\Hy@SavedSpaceFactor=\count94

("C:\Program Files\MiKTeX 2.9\tex\latex\00miktex\hyperref.cfg"
File: hyperref.cfg 2002/06/06 v1.2 hyperref configuration of TeXLive
)
Package hyperref Info: Hyper figures OFF on input line 4509.
Package hyperref Info: Link nesting OFF on input line 4514.
Package hyperref Info: Hyper index ON on input line 4517.
Package hyperref Info: Plain pages OFF on input line 4524.
Package hyperref Info: Backreferencing OFF on input line 4529.
Package hyperref Info: Implicit mode ON; LaTeX internals redefined.
Package hyperref Info: Bookmarks ON on input line 4762.
\c@Hy@tempcnt=\count95

("C:\Program Files\MiKTeX 2.9\tex\latex\url\url.sty"
\Urlmuskip=\muskip10
Package: url 2013/09/16  ver 3.4  Verb mode for urls, etc.
)
LaTeX Info: Redefining \url on input line 5115.
\XeTeXLinkMargin=\dimen117
\Fld@menulength=\count96
\Field@Width=\dimen118
\Fld@charsize=\dimen119
Package hyperref Info: Hyper figures OFF on input line 6369.
Package hyperref Info: Link nesting OFF on input line 6374.
Package hyperref Info: Hyper index ON on input line 6377.
Package hyperref Info: backreferencing OFF on input line 6384.
Package hyperref Info: Link coloring OFF on input line 6389.
Package hyperref Info: Link coloring with OCG OFF on input line 6394.
Package hyperref Info: PDF/A mode OFF on input line 6399.
LaTeX Info: Redefining \ref on input line 6439.
LaTeX Info: Redefining \pageref on input line 6443.
\Hy@abspage=\count97
\c@Item=\count98
\c@Hfootnote=\count99
)
Package hyperref Info: Driver (autodetected): hpdftex.

("C:\Program Files\MiKTeX 2.9\tex\latex\hyperref\hpdftex.def"
File: hpdftex.def 2018/02/06 v6.86b Hyperref driver for pdfTeX
\Fld@listcount=\count100
\c@bookmark@seq@number=\count101

("C:\Program Files\MiKTeX 2.9\tex\latex\oberdiek\rerunfilecheck.sty"
Package: rerunfilecheck 2016/05/16 v1.8 Rerun checks for auxiliary files (HO)
Package uniquecounter Info: New unique counter `rerunfilecheck' on input line 2
82.
)
\Hy@SectionHShift=\skip76
)
Package hyperref Info: Option `colorlinks' set `true' on input line 17.

("C:\Program Files\MiKTeX 2.9\tex\latex\tools\longtable.sty"
Package: longtable 2014/10/28 v4.11 Multi-page Table package (DPC)
\LTleft=\skip77
\LTright=\skip78
\LTpre=\skip79
\LTpost=\skip80
\LTchunksize=\count102
\LTcapwidth=\dimen120
\LT@head=\box27
\LT@firsthead=\box28
\LT@foot=\box29
\LT@lastfoot=\box30
\LT@cols=\count103
\LT@rows=\count104
\c@LT@tables=\count105
\c@LT@chunks=\count106
\LT@p@ftn=\toks17
)
("C:\Program Files\MiKTeX 2.9\tex\latex\float\float.sty"
Package: float 2001/11/08 v1.3d Float enhancements (AL)
\c@float@type=\count107
\float@exts=\toks18
\float@box=\box31
\@float@everytoks=\toks19
\@floatcapt=\box32
)
("C:\Program Files\MiKTeX 2.9\tex\latex\tools\array.sty"
Package: array 2016/10/06 v2.4d Tabular extension package (FMi)
\col@sep=\dimen121
\extrarowheight=\dimen122
\NC@list=\toks20
\extratabsurround=\skip81
\backup@length=\skip82
)
("C:\Program Files\MiKTeX 2.9\tex\latex\ms\ragged2e.sty"
Package: ragged2e 2009/05/21 v2.1 ragged2e Package (MS)

("C:\Program Files\MiKTeX 2.9\tex\latex\ms\everysel.sty"
Package: everysel 2011/10/28 v1.2 EverySelectfont Package (MS)
)
\CenteringLeftskip=\skip83
\RaggedLeftLeftskip=\skip84
\RaggedRightLeftskip=\skip85
\CenteringRightskip=\skip86
\RaggedLeftRightskip=\skip87
\RaggedRightRightskip=\skip88
\CenteringParfillskip=\skip89
\RaggedLeftParfillskip=\skip90
\RaggedRightParfillskip=\skip91
\JustifyingParfillskip=\skip92
\CenteringParindent=\skip93
\RaggedLeftParindent=\skip94
\RaggedRightParindent=\skip95
\JustifyingParindent=\skip96
)
("C:\Program Files\MiKTeX 2.9\tex\latex\enumitem\enumitem.sty"
Package: enumitem 2011/09/28 v3.5.2 Customized lists
\labelindent=\skip97
\enit@outerparindent=\dimen123
\enit@toks=\toks21
\enit@inbox=\box33
\enitdp@description=\count108
)
("C:\Program Files\MiKTeX 2.9\tex\latex\listings\listings.sty"
\lst@mode=\count109
\lst@gtempboxa=\box34
\lst@token=\toks22
\lst@length=\count110
\lst@currlwidth=\dimen124
\lst@column=\count111
\lst@pos=\count112
\lst@lostspace=\dimen125
\lst@width=\dimen126
\lst@newlines=\count113
\lst@lineno=\count114
\lst@maxwidth=\dimen127

("C:\Program Files\MiKTeX 2.9\tex\latex\listings\lstmisc.sty"
File: lstmisc.sty 2015/06/04 1.6 (Carsten Heinz)
\c@lstnumber=\count115
\lst@skipnumbers=\count116
\lst@framebox=\box35
)
("C:\Program Files\MiKTeX 2.9\tex\latex\listings\listings.cfg"
File: listings.cfg 2015/06/04 1.6 listings configuration
))
Package: listings 2015/06/04 1.6 (Carsten Heinz)

("C:\Program Files\MiKTeX 2.9\tex\latex\amsmath\amsmath.sty"
Package: amsmath 2017/09/02 v2.17a AMS math features
\@mathmargin=\skip98

For additional information on amsmath, use the `?' option.
("C:\Program Files\MiKTeX 2.9\tex\latex\amsmath\amstext.sty"
Package: amstext 2000/06/29 v2.01 AMS text

("C:\Program Files\MiKTeX 2.9\tex\latex\amsmath\amsgen.sty"
File: amsgen.sty 1999/11/30 v2.0 generic functions
\@emptytoks=\toks23
\ex@=\dimen128
))
("C:\Program Files\MiKTeX 2.9\tex\latex\amsmath\amsbsy.sty"
Package: amsbsy 1999/11/29 v1.2d Bold Symbols
\pmbraise@=\dimen129
)
("C:\Program Files\MiKTeX 2.9\tex\latex\amsmath\amsopn.sty"
Package: amsopn 2016/03/08 v2.02 operator names
)
\inf@bad=\count117
LaTeX Info: Redefining \frac on input line 213.
\uproot@=\count118
\leftroot@=\count119
LaTeX Info: Redefining \overline on input line 375.
\classnum@=\count120
\DOTSCASE@=\count121
LaTeX Info: Redefining \ldots on input line 472.
LaTeX Info: Redefining \dots on input line 475.
LaTeX Info: Redefining \cdots on input line 596.
\Mathstrutbox@=\box36
\strutbox@=\box37
\big@size=\dimen130
LaTeX Font Info:    Redeclaring font encoding OML on input line 712.
LaTeX Font Info:    Redeclaring font encoding OMS on input line 713.
\macc@depth=\count122
\c@MaxMatrixCols=\count123
\dotsspace@=\muskip11
\c@parentequation=\count124
\dspbrk@lvl=\count125
\tag@help=\toks24
\row@=\count126
\column@=\count127
\maxfields@=\count128
\andhelp@=\toks25
\eqnshift@=\dimen131
\alignsep@=\dimen132
\tagshift@=\dimen133
\tagwidth@=\dimen134
\totwidth@=\dimen135
\lineht@=\dimen136
\@envbody=\toks26
\multlinegap=\skip99
\multlinetaggap=\skip100
\mathdisplay@stack=\toks27
LaTeX Info: Redefining \[ on input line 2817.
LaTeX Info: Redefining \] on input line 2818.
)
("C:\Program Files\MiKTeX 2.9\tex\latex\tools\bm.sty"
Package: bm 2017/01/16 v1.2c Bold Symbol Support (DPC/FMi)
\symboldoperators=\mathgroup4
\symboldletters=\mathgroup5
\symboldsymbols=\mathgroup6
LaTeX Font Info:    Redeclaring math alphabet \mathbf on input line 141.
LaTeX Info: Redefining \bm on input line 207.
)
("C:\Program Files\MiKTeX 2.9\tex\latex\graphics\graphicx.sty"
Package: graphicx 2017/06/01 v1.1a Enhanced LaTeX Graphics (DPC,SPQR)

("C:\Program Files\MiKTeX 2.9\tex\latex\graphics\graphics.sty"
Package: graphics 2017/06/25 v1.2c Standard LaTeX Graphics (DPC,SPQR)

("C:\Program Files\MiKTeX 2.9\tex\latex\graphics\trig.sty"
Package: trig 2016/01/03 v1.10 sin cos tan (DPC)
)
("C:\Program Files\MiKTeX 2.9\tex\latex\graphics-cfg\graphics.cfg"
File: graphics.cfg 2016/06/04 v1.11 sample graphics configuration
)
Package graphics Info: Driver file: pdftex.def on input line 99.

("C:\Program Files\MiKTeX 2.9\tex\latex\graphics-def\pdftex.def"
File: pdftex.def 2018/01/08 v1.0l Graphics/color driver for pdftex
))
\Gin@req@height=\dimen137
\Gin@req@width=\dimen138
)
("C:\Program Files\MiKTeX 2.9\tex\latex\caption\subcaption.sty"
Package: subcaption 2018/05/01 v1.1-162 Sub-captions (AR)

("C:\Program Files\MiKTeX 2.9\tex\latex\caption\caption.sty"
Package: caption 2018/05/01 v3.3-147 Customizing captions (AR)

("C:\Program Files\MiKTeX 2.9\tex\latex\caption\caption3.sty"
Package: caption3 2018/05/27 v1.8a caption3 kernel (AR)
Package caption3 Info: TeX engine: e-TeX on input line 64.
\captionmargin=\dimen139
\captionmargin@=\dimen140
\captionwidth=\dimen141
\caption@tempdima=\dimen142
\caption@indent=\dimen143
\caption@parindent=\dimen144
\caption@hangindent=\dimen145
)
\c@ContinuedFloat=\count129
Package caption Info: float package is loaded.
Package caption Info: hyperref package is loaded.
Package caption Info: listings package is loaded.
Package caption Info: longtable package is loaded.

("C:\Program Files\MiKTeX 2.9\tex\latex\caption\ltcaption.sty"
Package: ltcaption 2013/06/09 v1.4-94 longtable captions (AR)
))
\c@subfigure=\count130
\c@subtable=\count131
)
("C:\Program Files\MiKTeX 2.9\tex\latex\xcolor\xcolor.sty"
Package: xcolor 2016/05/11 v2.12 LaTeX color extensions (UK)

("C:\Program Files\MiKTeX 2.9\tex\latex\graphics-cfg\color.cfg"
File: color.cfg 2016/01/02 v1.6 sample color configuration
)
Package xcolor Info: Driver file: pdftex.def on input line 225.
Package xcolor Info: Model `cmy' substituted by `cmy0' on input line 1348.
Package xcolor Info: Model `hsb' substituted by `rgb' on input line 1352.
Package xcolor Info: Model `RGB' extended on input line 1364.
Package xcolor Info: Model `HTML' substituted by `rgb' on input line 1366.
Package xcolor Info: Model `Hsb' substituted by `hsb' on input line 1367.
Package xcolor Info: Model `tHsb' substituted by `hsb' on input line 1368.
Package xcolor Info: Model `HSB' substituted by `hsb' on input line 1369.
Package xcolor Info: Model `Gray' substituted by `gray' on input line 1370.
Package xcolor Info: Model `wave' substituted by `hsb' on input line 1371.
)
("C:\Program Files\MiKTeX 2.9\tex\latex\colortbl\colortbl.sty"
Package: colortbl 2018/12/12 v1.0d Color table columns (DPC)
\everycr=\toks28
\minrowclearance=\skip101
)
("C:\Program Files\MiKTeX 2.9\tex\latex\changepage\changepage.sty"
Package: changepage 2009/10/20 v1.0c check page and change page layout
\c@cp@cntr=\count132
\cp@tempcnt=\count133
)
("C:\Program Files\MiKTeX 2.9\tex\latex\oberdiek\pdflscape.sty"
Package: pdflscape 2016/05/14 v0.11 Display of landscape pages in PDF (HO)

("C:\Program Files\MiKTeX 2.9\tex\latex\graphics\lscape.sty"
Package: lscape 2000/10/22 v3.01 Landscape Pages (DPC)
)
Package pdflscape Info: Auto-detected driver: pdftex on input line 81.
)
("C:\Program Files\MiKTeX 2.9\tex\latex\natbib\natbib.sty"
Package: natbib 2010/09/13 8.31b (PWD, AO)
\bibhang=\skip102
\bibsep=\skip103
LaTeX Info: Redefining \cite on input line 694.
\c@NAT@ctr=\count134
)
("C:\Program Files\MiKTeX 2.9\tex\latex\footmisc\footmisc.sty"
Package: footmisc 2011/06/06 v5.5b a miscellany of footnote facilities
\FN@temptoken=\toks29
\footnotemargin=\dimen146
\c@pp@next@reset=\count135
Package footmisc Info: Declaring symbol style bringhurst on input line 855.
Package footmisc Info: Declaring symbol style chicago on input line 863.
Package footmisc Info: Declaring symbol style wiley on input line 872.
Package footmisc Info: Declaring symbol style lamport-robust on input line 883.

Package footmisc Info: Declaring symbol style lamport* on input line 903.
Package footmisc Info: Declaring symbol style lamport*-robust on input line 924
.
)
(LexisNexisData-2020-04-20-Review-01.aux)
\openout1 = `LexisNexisData-2020-04-20-Review-01.aux'.

LaTeX Font Info:    Checking defaults for OML/cmm/m/it on input line 55.
LaTeX Font Info:    ... okay on input line 55.
LaTeX Font Info:    Checking defaults for T1/cmr/m/n on input line 55.
LaTeX Font Info:    ... okay on input line 55.
LaTeX Font Info:    Checking defaults for OT1/cmr/m/n on input line 55.
LaTeX Font Info:    ... okay on input line 55.
LaTeX Font Info:    Checking defaults for OMS/cmsy/m/n on input line 55.
LaTeX Font Info:    ... okay on input line 55.
LaTeX Font Info:    Checking defaults for OMX/cmex/m/n on input line 55.
LaTeX Font Info:    ... okay on input line 55.
LaTeX Font Info:    Checking defaults for U/cmr/m/n on input line 55.
LaTeX Font Info:    ... okay on input line 55.
LaTeX Font Info:    Checking defaults for PD1/pdf/m/n on input line 55.
LaTeX Font Info:    ... okay on input line 55.

*geometry* driver: auto-detecting
*geometry* detected driver: pdftex
*geometry* verbose mode - [ preamble ] result:
* driver: pdftex
* paper: letterpaper
* layout: <same size as paper>
* layoutoffset:(h,v)=(0.0pt,0.0pt)
* modes: 
* h-part:(L,W,R)=(72.26999pt, 469.75502pt, 72.26999pt)
* v-part:(T,H,B)=(72.26999pt, 650.43001pt, 72.26999pt)
* \paperwidth=614.295pt
* \paperheight=794.96999pt
* \textwidth=469.75502pt
* \textheight=650.43001pt
* \oddsidemargin=0.0pt
* \evensidemargin=0.0pt
* \topmargin=-55.06749pt
* \headheight=12.0pt
* \headsep=25.0pt
* \topskip=10.0pt
* \footskip=30.0pt
* \marginparwidth=65.0pt
* \marginparsep=11.0pt
* \columnsep=10.0pt
* \skip\footins=12.0pt
* \hoffset=0.0pt
* \voffset=0.0pt
* \mag=1000
* \@twocolumnfalse
* \@twosidefalse
* \@mparswitchfalse
* \@reversemarginfalse
* (1in=72.27pt=25.4mm, 1cm=28.453pt)

\AtBeginShipoutBox=\box38
Package hyperref Info: Link coloring ON on input line 55.
("C:\Program Files\MiKTeX 2.9\tex\latex\hyperref\nameref.sty"
Package: nameref 2016/05/21 v2.44 Cross-referencing by name of section

("C:\Program Files\MiKTeX 2.9\tex\generic\oberdiek\gettitlestring.sty"
Package: gettitlestring 2016/05/16 v1.5 Cleanup title references (HO)
)
\c@section@level=\count136
)
LaTeX Info: Redefining \ref on input line 55.
LaTeX Info: Redefining \pageref on input line 55.
LaTeX Info: Redefining \nameref on input line 55.

(LexisNexisData-2020-04-20-Review-01.out)
(LexisNexisData-2020-04-20-Review-01.out)
\@outlinefile=\write3
\openout3 = `LexisNexisData-2020-04-20-Review-01.out'.


ABD: EverySelectfont initializing macros
LaTeX Info: Redefining \selectfont on input line 55.
\c@lstlisting=\count137

("C:\Program Files\MiKTeX 2.9\tex\context\base\supp-pdf.mkii"
[Loading MPS to PDF converter (version 2006.09.02).]
\scratchcounter=\count138
\scratchdimen=\dimen147
\scratchbox=\box39
\nofMPsegments=\count139
\nofMParguments=\count140
\everyMPshowfont=\toks30
\MPscratchCnt=\count141
\MPscratchDim=\dimen148
\MPnumerator=\count142
\makeMPintoPDFobject=\count143
\everyMPtoPDFconversion=\toks31
) ("C:\Program Files\MiKTeX 2.9\tex\latex\oberdiek\epstopdf-base.sty"
Package: epstopdf-base 2016/05/15 v2.6 Base part for package epstopdf

("C:\Program Files\MiKTeX 2.9\tex\latex\oberdiek\grfext.sty"
Package: grfext 2016/05/16 v1.2 Manage graphics extensions (HO)
)
Package epstopdf-base Info: Redefining graphics rule for `.eps' on input line 4
38.
Package grfext Info: Graphics extension search list:
(grfext)             [.pdf,.png,.jpg,.mps,.jpeg,.jbig2,.jb2,.PDF,.PNG,.JPG,.JPE
G,.JBIG2,.JB2,.eps]
(grfext)             \AppendGraphicsExtensions on input line 456.
)
Package caption Info: Begin \AtBeginDocument code.
Package caption Info: End \AtBeginDocument code.


LaTeX Warning: No \author given.

LaTeX Font Info:    Try loading font information for OMS+cmr on input line 68.
("C:\Program Files\MiKTeX 2.9\tex\latex\base\omscmr.fd"
File: omscmr.fd 2014/09/29 v2.5h Standard LaTeX font definitions
)
LaTeX Font Info:    Font shape `OMS/cmr/m/n' in size <10> not available
(Font)              Font shape `OMS/cmsy/m/n' tried instead on input line 68.

(LexisNexisData-2020-04-20-Review-01.toc)
\tf@toc=\write4
\openout4 = `LexisNexisData-2020-04-20-Review-01.toc'.

 [1

{C:/Users/Kyung Soon/AppData/Local/MiKTeX/2.9/pdftex/config/pdftex.map}]
<images/Fig3-4th-11th-Spikes.png, id=42, 1117.17375pt x 641.39626pt>
File: images/Fig3-4th-11th-Spikes.png Graphic file (type png)
<use images/Fig3-4th-11th-Spikes.png>
Package pdftex.def Info: images/Fig3-4th-11th-Spikes.png  used on input line 10
0.
(pdftex.def)             Requested size: 397.48499pt x 228.20128pt.
 [2

 <./images/Fig3-4th-11th-Spikes.png>]
<images/Dist-4th-OpText-Length.png, id=60, 578.16pt x 578.16pt>
File: images/Dist-4th-OpText-Length.png Graphic file (type png)
<use images/Dist-4th-OpText-Length.png>
Package pdftex.def Info: images/Dist-4th-OpText-Length.png  used on input line 
109.
(pdftex.def)             Requested size: 433.62pt x 433.61893pt.

[3 <./images/Dist-4th-OpText-Length.png>]
<images/Dist-11th-OpText-Length.png, id=68, 578.16pt x 578.16pt>
File: images/Dist-11th-OpText-Length.png Graphic file (type png)
<use images/Dist-11th-OpText-Length.png>
Package pdftex.def Info: images/Dist-11th-OpText-Length.png  used on input line
 118.
(pdftex.def)             Requested size: 433.62pt x 433.61893pt.
 [4 <./images/Dist-11th-OpText-Length.png>]
<images/Proportion-Per-Curiam-Opinions-By-Author.png, id=76, 578.16pt x 578.16p
t>
File: images/Proportion-Per-Curiam-Opinions-By-Author.png Graphic file (type pn
g)
<use images/Proportion-Per-Curiam-Opinions-By-Author.png>
Package pdftex.def Info: images/Proportion-Per-Curiam-Opinions-By-Author.png  u
sed on input line 127.
(pdftex.def)             Requested size: 433.62pt x 433.61893pt.
 [5 <./images/Proportion-Per-Curiam-Opinions-By-Author.png>]
<images/Proportion-Per-Curiam-Opinions-By-PerCuriam.png, id=84, 578.16pt x 578.
16pt>
File: images/Proportion-Per-Curiam-Opinions-By-PerCuriam.png Graphic file (type
 png)
<use images/Proportion-Per-Curiam-Opinions-By-PerCuriam.png>
Package pdftex.def Info: images/Proportion-Per-Curiam-Opinions-By-PerCuriam.png
  used on input line 136.
(pdftex.def)             Requested size: 433.62pt x 433.61893pt.
 [6 <./images/Proportion-Per-Curiam-Opinions-By-PerCuriam.png>]
Underfull \hbox (badness 10000) in paragraph at lines 148--149

 []


Underfull \hbox (badness 10000) in paragraph at lines 150--155

 []

<images/Fig4-OutcomeType-Other.png, id=97, 356.83313pt x 459.21562pt>
File: images/Fig4-OutcomeType-Other.png Graphic file (type png)
<use images/Fig4-OutcomeType-Other.png>
Package pdftex.def Info: images/Fig4-OutcomeType-Other.png  used on input line 
161.
(pdftex.def)             Requested size: 180.67499pt x 232.51517pt.
[7





 <./images/Fig4-OutcomeType-Other.png>]
<images/Proportion-Outcome-Other-Empty-Text.png, id=110, 578.16pt x 578.16pt>
File: images/Proportion-Outcome-Other-Empty-Text.png Graphic file (type png)
<use images/Proportion-Outcome-Other-Empty-Text.png>
Package pdftex.def Info: images/Proportion-Outcome-Other-Empty-Text.png  used o
n input line 170.
(pdftex.def)             Requested size: 433.62pt x 433.61893pt.
 [8 <./images/Proportion-Outcome-Other-Empty-Text.png>]
<images/Proportion-Outcome-Other-Empty-Text-Neg.png, id=118, 578.16pt x 578.16p
t>
File: images/Proportion-Outcome-Other-Empty-Text-Neg.png Graphic file (type png
)
<use images/Proportion-Outcome-Other-Empty-Text-Neg.png>
Package pdftex.def Info: images/Proportion-Outcome-Other-Empty-Text-Neg.png  us
ed on input line 179.
(pdftex.def)             Requested size: 433.62pt x 433.61893pt.
 [9 <./images/Proportion-Outcome-Other-Empty-Text-Neg.png>]
[10



] [11] [12] [13

] [14] [15] [16] [17] [18] [19]
Underfull \hbox (badness 10000) in paragraph at lines 369--370

 []


Underfull \hbox (badness 10000) in paragraph at lines 371--372

 []


Underfull \hbox (badness 10000) in paragraph at lines 373--374

 []

[20

]
Overfull \hbox (11.86497pt too wide) in paragraph at lines 401--427
 [][] 
 []

[21] [22]
Overfull \hbox (50.31871pt too wide) in alignment at lines 432--437
 [] [] [] [] [] [] 
 []


Overfull \hbox (50.31871pt too wide) in alignment at lines 437--457
 [] [] [] [] [] [] 
 []


Overfull \hbox (50.31871pt too wide) in alignment at lines 457--477
 [] [] [] [] [] [] 
 []


Overfull \hbox (50.31871pt too wide) in alignment at lines 477--497
 [] [] [] [] [] [] 
 []


Overfull \hbox (50.31871pt too wide) in alignment at lines 497--517
 [] [] [] [] [] [] 
 []


Overfull \hbox (50.31871pt too wide) in alignment at lines 517--537
 [] [] [] [] [] [] 
 []


Overfull \hbox (50.31871pt too wide) in alignment at lines 537--557
 [] [] [] [] [] [] 
 []

[23

]
Overfull \hbox (50.31871pt too wide) in alignment at lines 557--577
 [] [] [] [] [] [] 
 []


Overfull \hbox (50.31871pt too wide) in alignment at lines 577--597
 [] [] [] [] [] [] 
 []


Overfull \hbox (50.31871pt too wide) in alignment at lines 597--617
 [] [] [] [] [] [] 
 []


Overfull \hbox (50.31871pt too wide) in alignment at lines 617--637
 [] [] [] [] [] [] 
 []

[24]
Overfull \hbox (50.31871pt too wide) in alignment at lines 637--657
 [] [] [] [] [] [] 
 []


Overfull \hbox (50.31871pt too wide) in alignment at lines 657--677
 [] [] [] [] [] [] 
 []


Overfull \hbox (50.31871pt too wide) in alignment at lines 677--697
 [] [] [] [] [] [] 
 []


Overfull \hbox (50.31871pt too wide) in alignment at lines 697--717
 [] [] [] [] [] [] 
 []


Overfull \hbox (50.31871pt too wide) in alignment at lines 717--737
 [] [] [] [] [] [] 
 []

[25]
Overfull \hbox (50.31871pt too wide) in alignment at lines 737--755
 [] [] [] [] [] [] 
 []

[26]
Overfull \hbox (11.86496pt too wide) in alignment at lines 761--766
 [] [] [] [] 
 []


Overfull \hbox (11.86496pt too wide) in alignment at lines 766--786
 [] [] [] [] 
 []


Overfull \hbox (11.86496pt too wide) in alignment at lines 786--807
 [] [] [] [] 
 []

[27

]
Overfull \hbox (11.86496pt too wide) in alignment at lines 807--827
 [] [] [] [] 
 []


Overfull \hbox (11.86496pt too wide) in alignment at lines 827--845
 [] [] [] [] 
 []

[28] [29]
<images/CaseTitleDuplicateCourtYearHeatMap.png, id=233, 578.16pt x 578.16pt>
File: images/CaseTitleDuplicateCourtYearHeatMap.png Graphic file (type png)
<use images/CaseTitleDuplicateCourtYearHeatMap.png>
Package pdftex.def Info: images/CaseTitleDuplicateCourtYearHeatMap.png  used on
 input line 878.
(pdftex.def)             Requested size: 361.34999pt x 361.3491pt.
 [30

 <./images/CaseTitleDuplicateCourtYearHeatMap.png (PNG copy)>]
Overfull \hbox (24.22661pt too wide) in alignment at lines 908--911
 [] [] 
 []


Overfull \hbox (24.22661pt too wide) in alignment at lines 911--932
 [] [] 
 []


Overfull \hbox (24.22661pt too wide) in alignment at lines 932--953
 [] [] 
 []


Overfull \hbox (24.22661pt too wide) in alignment at lines 953--976
 [] [] 
 []

[31]
Overfull \hbox (24.22661pt too wide) in alignment at lines 976--997
 [] [] 
 []


Overfull \hbox (24.22661pt too wide) in alignment at lines 997--1018
 [] [] 
 []

[32]
Overfull \hbox (24.22661pt too wide) in alignment at lines 1018--1040
 [] [] 
 []


Overfull \hbox (24.22661pt too wide) in alignment at lines 1040--1061
 [] [] 
 []


Overfull \hbox (24.22661pt too wide) in alignment at lines 1061--1082
 [] [] 
 []

[33]
Overfull \hbox (24.22661pt too wide) in alignment at lines 1082--1104
 [] [] 
 []


Overfull \hbox (24.22661pt too wide) in alignment at lines 1104--1125
 [] [] 
 []

[34]
Overfull \hbox (24.22661pt too wide) in alignment at lines 1125--1146
 [] [] 
 []


Overfull \hbox (24.22661pt too wide) in alignment at lines 1146--1168
 [] [] 
 []

[35]
Overfull \hbox (24.22661pt too wide) in alignment at lines 1168--1189
 [] [] 
 []


Overfull \hbox (24.22661pt too wide) in alignment at lines 1189--1206
 [] [] 
 []

[36] [37]
<images/Fig3-Dups-Omitted.png, id=273, 578.16pt x 578.16pt>
File: images/Fig3-Dups-Omitted.png Graphic file (type png)
<use images/Fig3-Dups-Omitted.png>
Package pdftex.def Info: images/Fig3-Dups-Omitted.png  used on input line 1218.

(pdftex.def)             Requested size: 433.62pt x 433.61893pt.
 [38

 <./images/Fig3-Dups-Omitted.png>]
Overfull \hbox (0.29779pt too wide) in alignment at lines 1235--1240
 [] [] [] [] [] 
 []


Overfull \hbox (0.29779pt too wide) in alignment at lines 1240--1260
 [] [] [] [] [] 
 []


Overfull \hbox (0.29779pt too wide) in alignment at lines 1260--1280
 [] [] [] [] [] 
 []


Overfull \hbox (0.29779pt too wide) in alignment at lines 1280--1300
 [] [] [] [] [] 
 []


Overfull \hbox (0.29779pt too wide) in alignment at lines 1300--1320
 [] [] [] [] [] 
 []


Overfull \hbox (0.29779pt too wide) in alignment at lines 1320--1340
 [] [] [] [] [] 
 []


Overfull \hbox (0.29779pt too wide) in alignment at lines 1340--1360
 [] [] [] [] [] 
 []

[39

]
Overfull \hbox (0.29779pt too wide) in alignment at lines 1360--1380
 [] [] [] [] [] 
 []


Overfull \hbox (0.29779pt too wide) in alignment at lines 1380--1400
 [] [] [] [] [] 
 []


Overfull \hbox (0.29779pt too wide) in alignment at lines 1400--1420
 [] [] [] [] [] 
 []


Overfull \hbox (0.29779pt too wide) in alignment at lines 1420--1440
 [] [] [] [] [] 
 []

[40]
Overfull \hbox (0.29779pt too wide) in alignment at lines 1440--1442
 [] [] [] [] [] 
 []

Package atveryend Info: Empty hook `BeforeClearDocument' on input line 1447.
[41]
Package atveryend Info: Empty hook `AfterLastShipout' on input line 1447.
 (LexisNexisData-2020-04-20-Review-01.aux)
Package atveryend Info: Executing hook `AtVeryEndDocument' on input line 1447.
Package atveryend Info: Executing hook `AtEndAfterFileList' on input line 1447.

Package rerunfilecheck Info: File `LexisNexisData-2020-04-20-Review-01.out' has
 not changed.
(rerunfilecheck)             Checksum: 0D34FBC9E47FF27E706EF4006EDFA494;455.
Package atveryend Info: Empty hook `AtVeryVeryEnd' on input line 1447.
 ) 
Here is how much of TeX's memory you used:
 10691 strings out of 493305
 159717 string characters out of 3138858
 346499 words of memory out of 3000000
 14008 multiletter control sequences out of 15000+200000
 15733 words of font info for 55 fonts, out of 3000000 for 9000
 1141 hyphenation exceptions out of 8191
 42i,11n,49p,3514b,636s stack positions out of 5000i,500n,10000p,200000b,50000s
pdfTeX warning (dest): name{Hfootnote.3} has been referenced but does not exi
st, replaced by a fixed one

pdfTeX warning (dest): name{Hfootnote.2} has been referenced but does not exist
, replaced by a fixed one

pdfTeX warning (dest): name{Hfootnote.1} has been referenced but does not exist
, replaced by a fixed one

<C:/Program Files/MiKTeX 2.9/fonts/type1/public/amsfonts/cm/cmbx10.pfb><C:/Prog
ram Files/MiKTeX 2.9/fonts/type1/public/amsfonts/cm/cmmi8.pfb><C:/Program Files
/MiKTeX 2.9/fonts/type1/public/amsfonts/cm/cmmi9.pfb><C:/Program Files/MiKTeX 2
.9/fonts/type1/public/amsfonts/cm/cmr10.pfb><C:/Program Files/MiKTeX 2.9/fonts/
type1/public/amsfonts/cm/cmr12.pfb><C:/Program Files/MiKTeX 2.9/fonts/type1/pub
lic/amsfonts/cm/cmr6.pfb><C:/Program Files/MiKTeX 2.9/fonts/type1/public/amsfon
ts/cm/cmr7.pfb><C:/Program Files/MiKTeX 2.9/fonts/type1/public/amsfonts/cm/cmr8
.pfb><C:/Program Files/MiKTeX 2.9/fonts/type1/public/amsfonts/cm/cmr9.pfb><C:/P
rogram Files/MiKTeX 2.9/fonts/type1/public/amsfonts/cm/cmsy10.pfb><C:/Program F
iles/MiKTeX 2.9/fonts/type1/public/amsfonts/cm/cmti10.pfb>
Output written on LexisNexisData-2020-04-20-Review-01.pdf (41 pages, 863937 byt
es).
PDF statistics:
 350 PDF objects out of 1000 (max. 8388607)
 69 named destinations out of 1000 (max. 500000)
 151 words of extra memory for PDF output out of 10000 (max. 10000000)

